============================= test session starts ==============================
platform linux -- Python 3.10.0, pytest-7.0.1, pluggy-1.0.0
rootdir: /home/kwang/research/square-core/datastore-api
plugins: requests-mock-1.9.3
collected 35 items

tests/test_datastores.py .......
tests/test_documents.py ............b'{"id": "111", "title": "test document", "text": "this is a test document"}'
b'{"id": "222", "title": "document title", "text": "document containing the query word quack"}'
b'{"id": "42", "title": "a new document", "text": "some content"}'
b'{"id": "41", "title": "a new document", "text": "some content"}'
b'{"id": "4141", "title": "another new document", "text": "some content"}'
b'{"id": 1, "title": "Aaron", "text": "Aaron Aaron ( or ; \\"Ah\\u00e4r\\u00f4n\\") is a prophet, high priest, and the brother of Moses in the Abrahamic religions. Knowledge of Aaron, along with his brother Moses, comes exclusively from religious texts, such as the Bible and Quran. The Hebrew Bible relates that, unlike Moses, who grew up in the Egyptian royal court, Aaron and his elder sister Miriam remained with their kinsmen in the eastern border-land of Egypt (Goshen). When Moses first confronted the Egyptian king about the Israelites, Aaron served as his brother\'s spokesman (\\"prophet\\") to the Pharaoh. Part of the Law (Torah) that Moses received from"}'
b'{"id": 2, "title": "Aaron", "text": "God at Sinai granted Aaron the priesthood for himself and his male descendants, and he became the first High Priest of the Israelites. Aaron died before the Israelites crossed the North Jordan river and he was buried on Mount Hor (Numbers 33:39; Deuteronomy 10:6 says he died and was buried at Moserah). Aaron is also mentioned in the New Testament of the Bible. According to the Book of Exodus, Aaron first functioned as Moses\' assistant. Because Moses complained that he could not speak well, God appointed Aaron as Moses\' \\"prophet\\" (Exodus 4:10-17; 7:1). At the command of Moses, he let"}'
b'{"id": 3, "title": "Aaron", "text": "his rod turn into a snake. Then he stretched out his rod in order to bring on the first three plagues. After that, Moses tended to act and speak for himself. During the journey in the wilderness, Aaron was not always prominent or active. At the battle with Amalek, he was chosen with Hur to support the hand of Moses that held the \\"rod of God\\". When the revelation was given to Moses at biblical Mount Sinai, he headed the elders of Israel who accompanied Moses on the way to the summit. While Joshua went with Moses to the top,"}'
b'{"id": 4, "title": "Aaron", "text": "however, Aaron and Hur remained below to look after the people. From here on in Exodus, Leviticus and Numbers, Joshua appears in the role of Moses\' assistant while Aaron functions instead as the first high priest. The books of Exodus, Leviticus and Numbers maintain that Aaron received from God a monopoly over the priesthood for himself and his male descendants (Exodus 28:1). The family of Aaron had the exclusive right and responsibility to make offerings on the altar to Yahweh. The rest of his tribe, the Levites, were given subordinate responsibilities within the sanctuary (Numbers 3). Moses anointed and consecrated"}'
b'{"id": 5, "title": "Aaron", "text": "Aaron and his sons to the priesthood, and arrayed them in the robes of office (Leviticus 8; cf. Exodus 28-29). He also related to them God\'s detailed instructions for performing their duties while the rest of the Israelites listened (Leviticus 1-7, 11-27). Aaron and his successors as high priest were given control over the Urim and Thummim by which the will of God could be determined (Exodus 28:30). God commissioned the Aaronide priests to distinguish the holy from the common and the clean from the unclean, and to teach the divine laws (the Torah) to the Israelites (Leviticus 10:10-11). The"}'
b'{"id": 6, "title": "Aaron", "text": "priests were also commissioned to bless the people (Numbers 6:22-27). When Aaron completed the altar offerings for the first time and, with Moses, \\"blessed the people: and the glory of the appeared unto all the people: And there came a fire out from before the , and consumed upon the altar the burnt offering and the fat [which] when all the people saw, they shouted, and fell on their faces\\" (Leviticus 9:23-24). In this way, the institution of the Aaronide priesthood was established. In later books of the Hebrew Bible, Aaron and his kin are not mentioned very often except"}'
b'{"id": 7, "title": "Aaron", "text": "in literature dating to the Babylonian captivity and later. The books of Judges, Samuel and Kings mention priests and Levites, but do not mention the Aaronides in particular. The Book of Ezekiel, which devotes much attention to priestly matters, calls the priestly upper class the Zadokites after one of King David\'s priests. It does reflect a two-tier priesthood with the Levites in subordinate position. A two-tier hierarchy of Aaronides and Levites appears in Ezra, Nehemiah and Chronicles. As a result, many historians think that Aaronide families did not control the priesthood in pre-exilic Israel. What is clear is that high"}'
b'{"id": 8, "title": "Aaron", "text": "priests claiming Aaronide descent dominated the Second Temple period. Most scholars think the Torah reached its final form early in this period, which may account for Aaron\'s prominence in Exodus, Leviticus and Numbers. Aaron plays a leading role in several stories of conflicts during Israel\'s wilderness wanderings. During the prolonged absence of Moses on Mount Sinai, the people provoked Aaron to make a golden calf. (Exodus 32:1-6). This incident nearly caused God to destroy the Israelites (Exodus 32:10). Moses successfully intervened, but then led the loyal Levites in executing many of the culprits; a plague afflicted those who were left"}'
b'{"id": 9, "title": "Aaron", "text": "(Exodus 32:25-35). Aaron, however, escaped punishment for his role in the affair, because of the intercession of Moses according to Deuteronomy 9:20. Later retellings of this story almost always excuse Aaron for his role. For example, in rabbinic sources and in the Quran, Aaron was not the idol-maker and upon Moses\' return begged his pardon because he felt mortally threatened by the Israelites (Quran 7:142-152). On the day of Aaron\'s consecration, his oldest sons, Nadab and Abihu, were burned up by divine fire because they offered \\"strange\\" incense (Leviticus 10:1-3). Most interpreters think this story reflects a conflict between priestly"}'
b'{"id": 10, "title": "Aaron", "text": "families some time in Israel\'s past. Others argue that the story simply shows what can happen if the priests do not follow God\'s instructions given through Moses. The Torah generally depicts the siblings, Moses, Aaron, and Miriam, as the leaders of Israel after the Exodus, a view also reflected in the biblical Book of Micah. Numbers 12, however, reports that on one occasion, Aaron and Miriam complained about Moses\' exclusive claim to be the \'s prophet. Their presumption was rebuffed by God who affirmed Moses\' uniqueness as the one with whom the spoke face to face. Miriam was punished with"}'
b'{"id": 1, "title": "Aaron", "text": "Aaron Aaron ( or ; \\"Ah\\u00e4r\\u00f4n\\") is a prophet, high priest, and the brother of Moses in the Abrahamic religions. Knowledge of Aaron, along with his brother Moses, comes exclusively from religious texts, such as the Bible and Quran. The Hebrew Bible relates that, unlike Moses, who grew up in the Egyptian royal court, Aaron and his elder sister Miriam remained with their kinsmen in the eastern border-land of Egypt (Goshen). When Moses first confronted the Egyptian king about the Israelites, Aaron served as his brother\'s spokesman (\\"prophet\\") to the Pharaoh. Part of the Law (Torah) that Moses received from"}'
b'{"id": 2, "title": "Aaron", "text": "God at Sinai granted Aaron the priesthood for himself and his male descendants, and he became the first High Priest of the Israelites. Aaron died before the Israelites crossed the North Jordan river and he was buried on Mount Hor (Numbers 33:39; Deuteronomy 10:6 says he died and was buried at Moserah). Aaron is also mentioned in the New Testament of the Bible. According to the Book of Exodus, Aaron first functioned as Moses\' assistant. Because Moses complained that he could not speak well, God appointed Aaron as Moses\' \\"prophet\\" (Exodus 4:10-17; 7:1). At the command of Moses, he let"}'
b'{"id": 3, "title": "Aaron", "text": "his rod turn into a snake. Then he stretched out his rod in order to bring on the first three plagues. After that, Moses tended to act and speak for himself. During the journey in the wilderness, Aaron was not always prominent or active. At the battle with Amalek, he was chosen with Hur to support the hand of Moses that held the \\"rod of God\\". When the revelation was given to Moses at biblical Mount Sinai, he headed the elders of Israel who accompanied Moses on the way to the summit. While Joshua went with Moses to the top,"}'
b'{"id": 4, "title": "Aaron", "text": "however, Aaron and Hur remained below to look after the people. From here on in Exodus, Leviticus and Numbers, Joshua appears in the role of Moses\' assistant while Aaron functions instead as the first high priest. The books of Exodus, Leviticus and Numbers maintain that Aaron received from God a monopoly over the priesthood for himself and his male descendants (Exodus 28:1). The family of Aaron had the exclusive right and responsibility to make offerings on the altar to Yahweh. The rest of his tribe, the Levites, were given subordinate responsibilities within the sanctuary (Numbers 3). Moses anointed and consecrated"}'
b'{"id": 5, "title": "Aaron", "text": "Aaron and his sons to the priesthood, and arrayed them in the robes of office (Leviticus 8; cf. Exodus 28-29). He also related to them God\'s detailed instructions for performing their duties while the rest of the Israelites listened (Leviticus 1-7, 11-27). Aaron and his successors as high priest were given control over the Urim and Thummim by which the will of God could be determined (Exodus 28:30). God commissioned the Aaronide priests to distinguish the holy from the common and the clean from the unclean, and to teach the divine laws (the Torah) to the Israelites (Leviticus 10:10-11). The"}'
b'{"id": 6, "title": "Aaron", "text": "priests were also commissioned to bless the people (Numbers 6:22-27). When Aaron completed the altar offerings for the first time and, with Moses, \\"blessed the people: and the glory of the appeared unto all the people: And there came a fire out from before the , and consumed upon the altar the burnt offering and the fat [which] when all the people saw, they shouted, and fell on their faces\\" (Leviticus 9:23-24). In this way, the institution of the Aaronide priesthood was established. In later books of the Hebrew Bible, Aaron and his kin are not mentioned very often except"}'
b'{"id": 7, "title": "Aaron", "text": "in literature dating to the Babylonian captivity and later. The books of Judges, Samuel and Kings mention priests and Levites, but do not mention the Aaronides in particular. The Book of Ezekiel, which devotes much attention to priestly matters, calls the priestly upper class the Zadokites after one of King David\'s priests. It does reflect a two-tier priesthood with the Levites in subordinate position. A two-tier hierarchy of Aaronides and Levites appears in Ezra, Nehemiah and Chronicles. As a result, many historians think that Aaronide families did not control the priesthood in pre-exilic Israel. What is clear is that high"}'
b'{"id": 8, "title": "Aaron", "text": "priests claiming Aaronide descent dominated the Second Temple period. Most scholars think the Torah reached its final form early in this period, which may account for Aaron\'s prominence in Exodus, Leviticus and Numbers. Aaron plays a leading role in several stories of conflicts during Israel\'s wilderness wanderings. During the prolonged absence of Moses on Mount Sinai, the people provoked Aaron to make a golden calf. (Exodus 32:1-6). This incident nearly caused God to destroy the Israelites (Exodus 32:10). Moses successfully intervened, but then led the loyal Levites in executing many of the culprits; a plague afflicted those who were left"}'
b'{"id": 9, "title": "Aaron", "text": "(Exodus 32:25-35). Aaron, however, escaped punishment for his role in the affair, because of the intercession of Moses according to Deuteronomy 9:20. Later retellings of this story almost always excuse Aaron for his role. For example, in rabbinic sources and in the Quran, Aaron was not the idol-maker and upon Moses\' return begged his pardon because he felt mortally threatened by the Israelites (Quran 7:142-152). On the day of Aaron\'s consecration, his oldest sons, Nadab and Abihu, were burned up by divine fire because they offered \\"strange\\" incense (Leviticus 10:1-3). Most interpreters think this story reflects a conflict between priestly"}'
b'{"id": 10, "title": "Aaron", "text": "families some time in Israel\'s past. Others argue that the story simply shows what can happen if the priests do not follow God\'s instructions given through Moses. The Torah generally depicts the siblings, Moses, Aaron, and Miriam, as the leaders of Israel after the Exodus, a view also reflected in the biblical Book of Micah. Numbers 12, however, reports that on one occasion, Aaron and Miriam complained about Moses\' exclusive claim to be the \'s prophet. Their presumption was rebuffed by God who affirmed Moses\' uniqueness as the one with whom the spoke face to face. Miriam was punished with"}'
.
tests/test_indices.py ........
tests/test_query.py .......

=============================== warnings summary ===============================
tests/test_datastores.py: 10 warnings
tests/test_documents.py: 17 warnings
tests/test_indices.py: 9 warnings
tests/test_query.py: 7 warnings
  /home/kwang/miniconda3/envs/datastore-api/lib/python3.10/site-packages/starlette/testclient.py:234: DeprecationWarning: There is no current event loop
    loop = asyncio.get_event_loop()

tests/test_datastores.py::TestDatastores::test_delete_datastore
  /home/kwang/research/square-core/datastore-api/app/routers/datastores.py:117: RuntimeWarning: coroutine 'MockConnector.commit_changes' was never awaited
    conn.commit_changes()

-- Docs: https://docs.pytest.org/en/stable/how-to/capture-warnings.html
======================= 35 passed, 44 warnings in 0.12s ========================
